0 info it worked if it ends with ok
1 verbose cli [ 'E:\\nodejs\\node.exe',
1 verbose cli   'E:\\nodejs\\node_modules\\npm\\bin\\npm-cli.js',
1 verbose cli   'start' ]
2 info using npm@5.6.0
3 info using node@v8.10.0
4 verbose run-script [ 'prestart', 'start', 'poststart' ]
5 info lifecycle plu@0.1.0~prestart: plu@0.1.0
6 info lifecycle plu@0.1.0~start: plu@0.1.0
7 verbose lifecycle plu@0.1.0~start: unsafe-perm in lifecycle true
8 verbose lifecycle plu@0.1.0~start: PATH: E:\nodejs\node_modules\npm\node_modules\npm-lifecycle\node-gyp-bin;C:\Users\HP\Desktop\OPEN!\PLU portal\plu\node_modules\.bin;C:\Program Files (x86)\Common Files\Oracle\Java\javapath;C:\ProgramData\Oracle\Java\javapath;C:\Program Files (x86)\Intel\iCLS Client\;C:\Program Files\Intel\iCLS Client\;C:\WINDOWS\system32;C:\WINDOWS;C:\WINDOWS\System32\Wbem;C:\WINDOWS\System32\WindowsPowerShell\v1.0\;C:\Program Files (x86)\Intel\Intel(R) Management Engine Components\DAL;C:\Program Files\Intel\Intel(R) Management Engine Components\DAL;C:\Program Files (x86)\Intel\Intel(R) Management Engine Components\IPT;C:\Program Files\Intel\Intel(R) Management Engine Components\IPT;E:\Brackets\command;E:\CodeBlocks\MinGW\bin;E:\nodejs\;C:\Program Files\MongoDB\Server\3.4\bin;C:\WINDOWS\System32\OpenSSH\;E:\Microsoft VS Code\bin;C:\Program Files\Microsoft VS Code\bin;C:\Program Files\Intel\WiFi\bin\;C:\Program Files\Common Files\Intel\WirelessCommon\;E:\Python\Scripts\;E:\Python\;C:\Users\HP\AppData\Local\Microsoft\WindowsApps;E:\Microsoft VS Code\bin;C:\Users\HP\AppData\Roaming\npm;C:\Program Files\MySQL\MySQL Server 8.0\bin;E:\heroku\bin;
9 verbose lifecycle plu@0.1.0~start: CWD: C:\Users\HP\Desktop\OPEN!\PLU portal\plu
10 silly lifecycle plu@0.1.0~start: Args: [ '/d /s /c', 'react-scripts start' ]
11 silly lifecycle plu@0.1.0~start: Returned: code: 1  signal: null
12 info lifecycle plu@0.1.0~start: Failed to exec start script
13 verbose stack Error: plu@0.1.0 start: `react-scripts start`
13 verbose stack Exit status 1
13 verbose stack     at EventEmitter.<anonymous> (E:\nodejs\node_modules\npm\node_modules\npm-lifecycle\index.js:285:16)
13 verbose stack     at emitTwo (events.js:126:13)
13 verbose stack     at EventEmitter.emit (events.js:214:7)
13 verbose stack     at ChildProcess.<anonymous> (E:\nodejs\node_modules\npm\node_modules\npm-lifecycle\lib\spawn.js:55:14)
13 verbose stack     at emitTwo (events.js:126:13)
13 verbose stack     at ChildProcess.emit (events.js:214:7)
13 verbose stack     at maybeClose (internal/child_process.js:925:16)
13 verbose stack     at Process.ChildProcess._handle.onexit (internal/child_process.js:209:5)
14 verbose pkgid plu@0.1.0
15 verbose cwd C:\Users\HP\Desktop\OPEN!\PLU portal\plu
16 verbose Windows_NT 10.0.18362
17 verbose argv "E:\\nodejs\\node.exe" "E:\\nodejs\\node_modules\\npm\\bin\\npm-cli.js" "start"
18 verbose node v8.10.0
19 verbose npm  v5.6.0
20 error code ELIFECYCLE
21 error errno 1
22 error plu@0.1.0 start: `react-scripts start`
22 error Exit status 1
23 error Failed at the plu@0.1.0 start script.
23 error This is probably not a problem with npm. There is likely additional logging output above.
24 verbose exit [ 1, true ]
